{"/home/eran/projects/torq/ip-to-country/src/App.tsx": {"path":"/home/eran/projects/torq/ip-to-country/src/App.tsx","all":true,"statementMap":{"0":{"start":{"line":1,"column":0},"end":{"line":1,"column":53}},"1":{"start":{"line":2,"column":0},"end":{"line":2,"column":43}},"2":{"start":{"line":3,"column":0},"end":{"line":3,"column":38}},"4":{"start":{"line":5,"column":0},"end":{"line":5,"column":19}},"5":{"start":{"line":6,"column":0},"end":{"line":6,"column":16}},"6":{"start":{"line":7,"column":0},"end":{"line":7,"column":32}},"7":{"start":{"line":8,"column":0},"end":{"line":8,"column":14}},"8":{"start":{"line":9,"column":0},"end":{"line":9,"column":79}},"9":{"start":{"line":10,"column":0},"end":{"line":10,"column":15}},"10":{"start":{"line":11,"column":0},"end":{"line":11,"column":17}},"11":{"start":{"line":12,"column":0},"end":{"line":12,"column":10}},"12":{"start":{"line":13,"column":0},"end":{"line":13,"column":17}},"15":{"start":{"line":16,"column":0},"end":{"line":16,"column":19}}},"s":{"0":0,"1":0,"2":0,"4":0,"5":0,"6":0,"7":0,"8":0,"9":0,"10":0,"11":0,"12":0,"15":0},"branchMap":{"0":{"type":"branch","line":1,"loc":{"start":{"line":1,"column":389},"end":{"line":16,"column":19}},"locations":[{"start":{"line":1,"column":389},"end":{"line":16,"column":19}}]}},"b":{"0":[0]},"fnMap":{"0":{"name":"(empty-report)","decl":{"start":{"line":1,"column":389},"end":{"line":16,"column":19}},"loc":{"start":{"line":1,"column":389},"end":{"line":16,"column":19}},"line":1}},"f":{"0":0}}
,"/home/eran/projects/torq/ip-to-country/src/main.tsx": {"path":"/home/eran/projects/torq/ip-to-country/src/main.tsx","all":true,"statementMap":{"0":{"start":{"line":1,"column":0},"end":{"line":1,"column":35}},"1":{"start":{"line":2,"column":0},"end":{"line":2,"column":46}},"2":{"start":{"line":3,"column":0},"end":{"line":3,"column":28}},"4":{"start":{"line":5,"column":0},"end":{"line":5,"column":52}},"5":{"start":{"line":6,"column":0},"end":{"line":6,"column":14}},"6":{"start":{"line":7,"column":0},"end":{"line":7,"column":11}},"7":{"start":{"line":8,"column":0},"end":{"line":8,"column":16}},"8":{"start":{"line":9,"column":0},"end":{"line":9,"column":1}}},"s":{"0":0,"1":0,"2":0,"4":0,"5":0,"6":0,"7":0,"8":0},"branchMap":{"0":{"type":"branch","line":1,"loc":{"start":{"line":1,"column":185},"end":{"line":9,"column":-128}},"locations":[{"start":{"line":1,"column":185},"end":{"line":9,"column":-128}}]}},"b":{"0":[0]},"fnMap":{"0":{"name":"(empty-report)","decl":{"start":{"line":1,"column":185},"end":{"line":9,"column":-128}},"loc":{"start":{"line":1,"column":185},"end":{"line":9,"column":-128}},"line":1}},"f":{"0":0}}
,"/home/eran/projects/torq/ip-to-country/src/components/IpRow.tsx": {"path":"/home/eran/projects/torq/ip-to-country/src/components/IpRow.tsx","all":false,"statementMap":{"0":{"start":{"line":1,"column":0},"end":{"line":1,"column":42}},"1":{"start":{"line":2,"column":0},"end":{"line":2,"column":49}},"2":{"start":{"line":3,"column":0},"end":{"line":3,"column":57}},"3":{"start":{"line":4,"column":0},"end":{"line":4,"column":48}},"4":{"start":{"line":5,"column":0},"end":{"line":5,"column":34}},"5":{"start":{"line":6,"column":0},"end":{"line":6,"column":84}},"26":{"start":{"line":27,"column":0},"end":{"line":27,"column":90}},"27":{"start":{"line":28,"column":0},"end":{"line":28,"column":9}},"28":{"start":{"line":29,"column":0},"end":{"line":29,"column":13}},"29":{"start":{"line":30,"column":0},"end":{"line":30,"column":17}},"30":{"start":{"line":31,"column":0},"end":{"line":31,"column":10}},"31":{"start":{"line":32,"column":0},"end":{"line":32,"column":13}},"32":{"start":{"line":33,"column":0},"end":{"line":33,"column":16}},"33":{"start":{"line":34,"column":0},"end":{"line":34,"column":40}},"34":{"start":{"line":35,"column":0},"end":{"line":35,"column":78}},"36":{"start":{"line":37,"column":0},"end":{"line":37,"column":12}},"38":{"start":{"line":39,"column":0},"end":{"line":39,"column":19}},"39":{"start":{"line":40,"column":0},"end":{"line":40,"column":25}},"40":{"start":{"line":41,"column":0},"end":{"line":41,"column":24}},"41":{"start":{"line":42,"column":0},"end":{"line":42,"column":28}},"42":{"start":{"line":43,"column":0},"end":{"line":43,"column":22}},"43":{"start":{"line":44,"column":0},"end":{"line":44,"column":23}},"44":{"start":{"line":45,"column":0},"end":{"line":45,"column":28}},"45":{"start":{"line":46,"column":0},"end":{"line":46,"column":9}},"46":{"start":{"line":47,"column":0},"end":{"line":47,"column":5}},"47":{"start":{"line":48,"column":0},"end":{"line":48,"column":23}},"49":{"start":{"line":50,"column":0},"end":{"line":50,"column":70}},"51":{"start":{"line":52,"column":0},"end":{"line":52,"column":30}},"53":{"start":{"line":54,"column":0},"end":{"line":54,"column":34}},"54":{"start":{"line":55,"column":0},"end":{"line":55,"column":37}},"56":{"start":{"line":57,"column":0},"end":{"line":57,"column":46}},"57":{"start":{"line":58,"column":0},"end":{"line":58,"column":13}},"58":{"start":{"line":59,"column":0},"end":{"line":59,"column":5}},"60":{"start":{"line":61,"column":0},"end":{"line":61,"column":22}},"62":{"start":{"line":63,"column":0},"end":{"line":63,"column":9}},"63":{"start":{"line":64,"column":0},"end":{"line":64,"column":93}},"64":{"start":{"line":65,"column":0},"end":{"line":65,"column":83}},"66":{"start":{"line":67,"column":0},"end":{"line":67,"column":30}},"67":{"start":{"line":68,"column":0},"end":{"line":68,"column":24}},"68":{"start":{"line":69,"column":0},"end":{"line":69,"column":25}},"69":{"start":{"line":70,"column":0},"end":{"line":70,"column":43}},"70":{"start":{"line":71,"column":0},"end":{"line":71,"column":11}},"72":{"start":{"line":73,"column":0},"end":{"line":73,"column":48}},"73":{"start":{"line":74,"column":0},"end":{"line":74,"column":14}},"74":{"start":{"line":75,"column":0},"end":{"line":75,"column":68}},"75":{"start":{"line":76,"column":0},"end":{"line":76,"column":7}},"76":{"start":{"line":77,"column":0},"end":{"line":77,"column":21}},"77":{"start":{"line":78,"column":0},"end":{"line":78,"column":27}},"78":{"start":{"line":79,"column":0},"end":{"line":79,"column":22}},"79":{"start":{"line":80,"column":0},"end":{"line":80,"column":23}},"80":{"start":{"line":81,"column":0},"end":{"line":81,"column":33}},"81":{"start":{"line":82,"column":0},"end":{"line":82,"column":9}},"82":{"start":{"line":83,"column":0},"end":{"line":83,"column":5}},"83":{"start":{"line":84,"column":0},"end":{"line":84,"column":4}},"85":{"start":{"line":86,"column":0},"end":{"line":86,"column":10}},"86":{"start":{"line":87,"column":0},"end":{"line":87,"column":32}},"87":{"start":{"line":88,"column":0},"end":{"line":88,"column":12}},"88":{"start":{"line":89,"column":0},"end":{"line":89,"column":34}},"89":{"start":{"line":90,"column":0},"end":{"line":90,"column":34}},"91":{"start":{"line":92,"column":0},"end":{"line":92,"column":15}},"92":{"start":{"line":93,"column":0},"end":{"line":93,"column":14}},"93":{"start":{"line":94,"column":0},"end":{"line":94,"column":12}},"94":{"start":{"line":95,"column":0},"end":{"line":95,"column":29}},"95":{"start":{"line":96,"column":0},"end":{"line":96,"column":30}},"96":{"start":{"line":97,"column":0},"end":{"line":97,"column":23}},"97":{"start":{"line":98,"column":0},"end":{"line":98,"column":31}},"98":{"start":{"line":99,"column":0},"end":{"line":99,"column":17}},"99":{"start":{"line":100,"column":0},"end":{"line":100,"column":48}},"100":{"start":{"line":101,"column":0},"end":{"line":101,"column":28}},"101":{"start":{"line":102,"column":0},"end":{"line":102,"column":32}},"102":{"start":{"line":103,"column":0},"end":{"line":103,"column":32}},"103":{"start":{"line":104,"column":0},"end":{"line":104,"column":26}},"104":{"start":{"line":105,"column":0},"end":{"line":105,"column":13}},"106":{"start":{"line":107,"column":0},"end":{"line":107,"column":60}},"107":{"start":{"line":108,"column":0},"end":{"line":108,"column":12}},"108":{"start":{"line":109,"column":0},"end":{"line":109,"column":11}},"109":{"start":{"line":110,"column":0},"end":{"line":110,"column":41}},"110":{"start":{"line":111,"column":0},"end":{"line":111,"column":8}},"111":{"start":{"line":112,"column":0},"end":{"line":112,"column":35}},"112":{"start":{"line":113,"column":0},"end":{"line":113,"column":117}},"113":{"start":{"line":114,"column":0},"end":{"line":114,"column":66}},"114":{"start":{"line":115,"column":0},"end":{"line":115,"column":66}},"115":{"start":{"line":116,"column":0},"end":{"line":116,"column":12}},"116":{"start":{"line":117,"column":0},"end":{"line":117,"column":16}},"117":{"start":{"line":118,"column":0},"end":{"line":118,"column":40}},"118":{"start":{"line":119,"column":0},"end":{"line":119,"column":76}},"119":{"start":{"line":120,"column":0},"end":{"line":120,"column":32}},"120":{"start":{"line":121,"column":0},"end":{"line":121,"column":14}},"121":{"start":{"line":122,"column":0},"end":{"line":122,"column":85}},"122":{"start":{"line":123,"column":0},"end":{"line":123,"column":13}},"124":{"start":{"line":125,"column":0},"end":{"line":125,"column":102}},"125":{"start":{"line":126,"column":0},"end":{"line":126,"column":12}},"126":{"start":{"line":127,"column":0},"end":{"line":127,"column":10}},"128":{"start":{"line":129,"column":0},"end":{"line":129,"column":2}},"130":{"start":{"line":131,"column":0},"end":{"line":131,"column":21}}},"s":{"0":1,"1":1,"2":1,"3":1,"4":1,"5":1,"26":1,"27":66,"28":66,"29":66,"30":66,"31":66,"32":66,"33":66,"34":66,"36":66,"38":66,"39":8,"40":0,"41":8,"42":0,"43":0,"44":0,"45":0,"46":0,"47":66,"49":66,"51":66,"53":66,"54":4,"56":4,"57":1,"58":1,"60":3,"62":3,"63":3,"64":2,"66":4,"67":0,"68":0,"69":0,"70":0,"72":0,"73":4,"74":2,"75":2,"76":4,"77":1,"78":1,"79":1,"80":1,"81":1,"82":1,"83":4,"85":66,"86":66,"87":66,"88":66,"89":66,"91":66,"92":66,"93":66,"94":66,"95":66,"96":66,"97":66,"98":66,"99":66,"100":66,"101":66,"102":5,"103":1,"104":1,"106":5,"107":5,"108":66,"109":66,"110":66,"111":66,"112":66,"113":66,"114":66,"115":2,"116":2,"117":2,"118":2,"119":2,"120":2,"121":2,"122":2,"124":66,"125":66,"126":66,"128":66,"130":1},"branchMap":{"0":{"type":"branch","line":27,"loc":{"start":{"line":27,"column":36},"end":{"line":129,"column":2}},"locations":[{"start":{"line":27,"column":36},"end":{"line":129,"column":2}}]},"1":{"type":"branch","line":50,"loc":{"start":{"line":50,"column":25},"end":{"line":50,"column":64}},"locations":[{"start":{"line":50,"column":25},"end":{"line":50,"column":64}}]},"2":{"type":"branch","line":50,"loc":{"start":{"line":50,"column":60},"end":{"line":50,"column":70}},"locations":[{"start":{"line":50,"column":60},"end":{"line":50,"column":70}}]},"3":{"type":"branch","line":114,"loc":{"start":{"line":114,"column":10},"end":{"line":114,"column":45}},"locations":[{"start":{"line":114,"column":10},"end":{"line":114,"column":45}}]},"4":{"type":"branch","line":114,"loc":{"start":{"line":114,"column":31},"end":{"line":114,"column":66}},"locations":[{"start":{"line":114,"column":31},"end":{"line":114,"column":66}}]},"5":{"type":"branch","line":115,"loc":{"start":{"line":115,"column":14},"end":{"line":115,"column":46}},"locations":[{"start":{"line":115,"column":14},"end":{"line":115,"column":46}}]},"6":{"type":"branch","line":115,"loc":{"start":{"line":115,"column":31},"end":{"line":115,"column":66}},"locations":[{"start":{"line":115,"column":31},"end":{"line":115,"column":66}}]},"7":{"type":"branch","line":115,"loc":{"start":{"line":115,"column":52},"end":{"line":123,"column":13}},"locations":[{"start":{"line":115,"column":52},"end":{"line":123,"column":13}}]},"8":{"type":"branch","line":122,"loc":{"start":{"line":122,"column":65},"end":{"line":122,"column":81}},"locations":[{"start":{"line":122,"column":65},"end":{"line":122,"column":81}}]},"9":{"type":"branch","line":125,"loc":{"start":{"line":125,"column":16},"end":{"line":125,"column":102}},"locations":[{"start":{"line":125,"column":16},"end":{"line":125,"column":102}}]},"10":{"type":"branch","line":39,"loc":{"start":{"line":39,"column":12},"end":{"line":48,"column":5}},"locations":[{"start":{"line":39,"column":12},"end":{"line":48,"column":5}}]},"11":{"type":"branch","line":40,"loc":{"start":{"line":40,"column":24},"end":{"line":42,"column":15}},"locations":[{"start":{"line":40,"column":24},"end":{"line":42,"column":15}}]},"12":{"type":"branch","line":42,"loc":{"start":{"line":42,"column":27},"end":{"line":47,"column":5}},"locations":[{"start":{"line":42,"column":27},"end":{"line":47,"column":5}}]},"13":{"type":"branch","line":54,"loc":{"start":{"line":54,"column":21},"end":{"line":84,"column":4}},"locations":[{"start":{"line":54,"column":21},"end":{"line":84,"column":4}}]},"14":{"type":"branch","line":57,"loc":{"start":{"line":57,"column":9},"end":{"line":57,"column":45}},"locations":[{"start":{"line":57,"column":9},"end":{"line":57,"column":45}}]},"15":{"type":"branch","line":57,"loc":{"start":{"line":57,"column":45},"end":{"line":59,"column":5}},"locations":[{"start":{"line":57,"column":45},"end":{"line":59,"column":5}}]},"16":{"type":"branch","line":59,"loc":{"start":{"line":59,"column":4},"end":{"line":64,"column":93}},"locations":[{"start":{"line":59,"column":4},"end":{"line":64,"column":93}}]},"17":{"type":"branch","line":64,"loc":{"start":{"line":64,"column":91},"end":{"line":67,"column":29}},"locations":[{"start":{"line":64,"column":91},"end":{"line":67,"column":29}}]},"18":{"type":"branch","line":67,"loc":{"start":{"line":67,"column":29},"end":{"line":74,"column":13}},"locations":[{"start":{"line":67,"column":29},"end":{"line":74,"column":13}}]},"19":{"type":"branch","line":74,"loc":{"start":{"line":74,"column":6},"end":{"line":76,"column":7}},"locations":[{"start":{"line":74,"column":6},"end":{"line":76,"column":7}}]},"20":{"type":"branch","line":77,"loc":{"start":{"line":77,"column":4},"end":{"line":83,"column":5}},"locations":[{"start":{"line":77,"column":4},"end":{"line":83,"column":5}}]},"21":{"type":"branch","line":102,"loc":{"start":{"line":102,"column":20},"end":{"line":108,"column":12}},"locations":[{"start":{"line":102,"column":20},"end":{"line":108,"column":12}}]},"22":{"type":"branch","line":103,"loc":{"start":{"line":103,"column":31},"end":{"line":105,"column":13}},"locations":[{"start":{"line":103,"column":31},"end":{"line":105,"column":13}}]},"23":{"type":"branch","line":105,"loc":{"start":{"line":105,"column":12},"end":{"line":107,"column":39}},"locations":[{"start":{"line":105,"column":12},"end":{"line":107,"column":39}}]},"24":{"type":"branch","line":107,"loc":{"start":{"line":107,"column":34},"end":{"line":107,"column":60}},"locations":[{"start":{"line":107,"column":34},"end":{"line":107,"column":60}}]},"25":{"type":"branch","line":113,"loc":{"start":{"line":113,"column":83},"end":{"line":113,"column":107}},"locations":[{"start":{"line":113,"column":83},"end":{"line":113,"column":107}}]}},"b":{"0":[66],"1":[2],"2":[64],"3":[61],"4":[5],"5":[2],"6":[2],"7":[2],"8":[0],"9":[2],"10":[8],"11":[0],"12":[0],"13":[4],"14":[3],"15":[1],"16":[3],"17":[2],"18":[0],"19":[2],"20":[1],"21":[5],"22":[1],"23":[4],"24":[1],"25":[1]},"fnMap":{"0":{"name":"IpRow","decl":{"start":{"line":27,"column":36},"end":{"line":129,"column":2}},"loc":{"start":{"line":27,"column":36},"end":{"line":129,"column":2}},"line":27},"1":{"name":"handleBlur","decl":{"start":{"line":54,"column":21},"end":{"line":84,"column":4}},"loc":{"start":{"line":54,"column":21},"end":{"line":84,"column":4}},"line":54},"2":{"name":"validate","decl":{"start":{"line":102,"column":20},"end":{"line":108,"column":12}},"loc":{"start":{"line":102,"column":20},"end":{"line":108,"column":12}},"line":102},"3":{"name":"onClick","decl":{"start":{"line":113,"column":83},"end":{"line":113,"column":107}},"loc":{"start":{"line":113,"column":83},"end":{"line":113,"column":107}},"line":113}},"f":{"0":66,"1":4,"2":5,"3":1}}
,"/home/eran/projects/torq/ip-to-country/src/components/IpsCard.tsx": {"path":"/home/eran/projects/torq/ip-to-country/src/components/IpsCard.tsx","all":false,"statementMap":{"0":{"start":{"line":1,"column":0},"end":{"line":1,"column":64}},"1":{"start":{"line":2,"column":0},"end":{"line":2,"column":28}},"2":{"start":{"line":3,"column":0},"end":{"line":3,"column":56}},"3":{"start":{"line":4,"column":0},"end":{"line":4,"column":50}},"4":{"start":{"line":5,"column":0},"end":{"line":5,"column":69}},"16":{"start":{"line":17,"column":0},"end":{"line":17,"column":37}},"18":{"start":{"line":19,"column":0},"end":{"line":19,"column":48}},"19":{"start":{"line":20,"column":0},"end":{"line":20,"column":7}},"20":{"start":{"line":21,"column":0},"end":{"line":21,"column":60}},"21":{"start":{"line":22,"column":0},"end":{"line":22,"column":19}},"22":{"start":{"line":23,"column":0},"end":{"line":23,"column":58}},"23":{"start":{"line":24,"column":0},"end":{"line":24,"column":3}},"24":{"start":{"line":25,"column":0},"end":{"line":25,"column":2}},"26":{"start":{"line":27,"column":0},"end":{"line":27,"column":46}},"27":{"start":{"line":28,"column":0},"end":{"line":28,"column":7}},"28":{"start":{"line":29,"column":0},"end":{"line":29,"column":51}},"30":{"start":{"line":31,"column":0},"end":{"line":31,"column":40}},"31":{"start":{"line":32,"column":0},"end":{"line":32,"column":19}},"32":{"start":{"line":33,"column":0},"end":{"line":33,"column":61}},"33":{"start":{"line":34,"column":0},"end":{"line":34,"column":14}},"34":{"start":{"line":35,"column":0},"end":{"line":35,"column":3}},"35":{"start":{"line":36,"column":0},"end":{"line":36,"column":2}},"37":{"start":{"line":38,"column":0},"end":{"line":38,"column":40}},"38":{"start":{"line":39,"column":0},"end":{"line":39,"column":73}},"39":{"start":{"line":40,"column":0},"end":{"line":40,"column":52}},"41":{"start":{"line":42,"column":0},"end":{"line":42,"column":59}},"43":{"start":{"line":44,"column":0},"end":{"line":44,"column":19}},"44":{"start":{"line":45,"column":0},"end":{"line":45,"column":31}},"45":{"start":{"line":46,"column":0},"end":{"line":46,"column":15}},"47":{"start":{"line":48,"column":0},"end":{"line":48,"column":19}},"48":{"start":{"line":49,"column":0},"end":{"line":49,"column":38}},"49":{"start":{"line":50,"column":0},"end":{"line":50,"column":15}},"51":{"start":{"line":52,"column":0},"end":{"line":52,"column":36}},"52":{"start":{"line":53,"column":0},"end":{"line":53,"column":28}},"53":{"start":{"line":54,"column":0},"end":{"line":54,"column":30}},"54":{"start":{"line":55,"column":0},"end":{"line":55,"column":13}},"55":{"start":{"line":56,"column":0},"end":{"line":56,"column":6}},"57":{"start":{"line":58,"column":0},"end":{"line":58,"column":43}},"58":{"start":{"line":59,"column":0},"end":{"line":59,"column":9}},"60":{"start":{"line":61,"column":0},"end":{"line":61,"column":111}},"61":{"start":{"line":62,"column":0},"end":{"line":62,"column":23}},"62":{"start":{"line":63,"column":0},"end":{"line":63,"column":23}},"63":{"start":{"line":64,"column":0},"end":{"line":64,"column":76}},"64":{"start":{"line":65,"column":0},"end":{"line":65,"column":7}},"65":{"start":{"line":66,"column":0},"end":{"line":66,"column":6}},"66":{"start":{"line":67,"column":0},"end":{"line":67,"column":9}},"68":{"start":{"line":69,"column":0},"end":{"line":69,"column":52}},"69":{"start":{"line":70,"column":0},"end":{"line":70,"column":61}},"70":{"start":{"line":71,"column":0},"end":{"line":71,"column":9}},"72":{"start":{"line":73,"column":0},"end":{"line":73,"column":46}},"73":{"start":{"line":74,"column":0},"end":{"line":74,"column":23}},"75":{"start":{"line":76,"column":0},"end":{"line":76,"column":23}},"76":{"start":{"line":77,"column":0},"end":{"line":77,"column":26}},"77":{"start":{"line":78,"column":0},"end":{"line":78,"column":15}},"78":{"start":{"line":79,"column":0},"end":{"line":79,"column":24}},"79":{"start":{"line":80,"column":0},"end":{"line":80,"column":25}},"80":{"start":{"line":81,"column":0},"end":{"line":81,"column":9}},"81":{"start":{"line":82,"column":0},"end":{"line":82,"column":6}},"83":{"start":{"line":84,"column":0},"end":{"line":84,"column":50}},"85":{"start":{"line":86,"column":0},"end":{"line":86,"column":36}},"86":{"start":{"line":87,"column":0},"end":{"line":87,"column":55}},"87":{"start":{"line":88,"column":0},"end":{"line":88,"column":7}},"88":{"start":{"line":89,"column":0},"end":{"line":89,"column":17}},"89":{"start":{"line":90,"column":0},"end":{"line":90,"column":50}},"92":{"start":{"line":93,"column":0},"end":{"line":93,"column":32}},"93":{"start":{"line":94,"column":0},"end":{"line":94,"column":26}},"95":{"start":{"line":96,"column":0},"end":{"line":96,"column":13}},"96":{"start":{"line":97,"column":0},"end":{"line":97,"column":5}},"98":{"start":{"line":99,"column":0},"end":{"line":99,"column":9}},"99":{"start":{"line":100,"column":0},"end":{"line":100,"column":61}},"100":{"start":{"line":101,"column":0},"end":{"line":101,"column":23}},"101":{"start":{"line":102,"column":0},"end":{"line":102,"column":39}},"102":{"start":{"line":103,"column":0},"end":{"line":103,"column":9}},"104":{"start":{"line":105,"column":0},"end":{"line":105,"column":41}},"106":{"start":{"line":107,"column":0},"end":{"line":107,"column":66}},"108":{"start":{"line":109,"column":0},"end":{"line":109,"column":34}},"109":{"start":{"line":110,"column":0},"end":{"line":110,"column":44}},"110":{"start":{"line":111,"column":0},"end":{"line":111,"column":7}},"112":{"start":{"line":113,"column":0},"end":{"line":113,"column":29}},"113":{"start":{"line":114,"column":0},"end":{"line":114,"column":31}},"114":{"start":{"line":115,"column":0},"end":{"line":115,"column":29}},"115":{"start":{"line":116,"column":0},"end":{"line":116,"column":23}},"116":{"start":{"line":117,"column":0},"end":{"line":117,"column":11}},"118":{"start":{"line":119,"column":0},"end":{"line":119,"column":54}},"120":{"start":{"line":121,"column":0},"end":{"line":121,"column":23}},"121":{"start":{"line":122,"column":0},"end":{"line":122,"column":43}},"122":{"start":{"line":123,"column":0},"end":{"line":123,"column":22}},"123":{"start":{"line":124,"column":0},"end":{"line":124,"column":23}},"124":{"start":{"line":125,"column":0},"end":{"line":125,"column":35}},"125":{"start":{"line":126,"column":0},"end":{"line":126,"column":39}},"126":{"start":{"line":127,"column":0},"end":{"line":127,"column":36}},"127":{"start":{"line":128,"column":0},"end":{"line":128,"column":33}},"128":{"start":{"line":129,"column":0},"end":{"line":129,"column":38}},"129":{"start":{"line":130,"column":0},"end":{"line":130,"column":16}},"130":{"start":{"line":131,"column":0},"end":{"line":131,"column":13}},"132":{"start":{"line":133,"column":0},"end":{"line":133,"column":20}},"133":{"start":{"line":134,"column":0},"end":{"line":134,"column":21}},"134":{"start":{"line":135,"column":0},"end":{"line":135,"column":31}},"135":{"start":{"line":136,"column":0},"end":{"line":136,"column":38}},"136":{"start":{"line":137,"column":0},"end":{"line":137,"column":46}},"137":{"start":{"line":138,"column":0},"end":{"line":138,"column":40}},"138":{"start":{"line":139,"column":0},"end":{"line":139,"column":31}},"139":{"start":{"line":140,"column":0},"end":{"line":140,"column":31}},"140":{"start":{"line":141,"column":0},"end":{"line":141,"column":14}},"141":{"start":{"line":142,"column":0},"end":{"line":142,"column":18}},"142":{"start":{"line":143,"column":0},"end":{"line":143,"column":77}},"143":{"start":{"line":144,"column":0},"end":{"line":144,"column":11}},"144":{"start":{"line":145,"column":0},"end":{"line":145,"column":10}},"145":{"start":{"line":146,"column":0},"end":{"line":146,"column":8}},"146":{"start":{"line":147,"column":0},"end":{"line":147,"column":21}},"147":{"start":{"line":148,"column":0},"end":{"line":148,"column":49}},"149":{"start":{"line":150,"column":0},"end":{"line":150,"column":29}},"150":{"start":{"line":151,"column":0},"end":{"line":151,"column":32}},"151":{"start":{"line":152,"column":0},"end":{"line":152,"column":17}},"152":{"start":{"line":153,"column":0},"end":{"line":153,"column":27}},"153":{"start":{"line":154,"column":0},"end":{"line":154,"column":33}},"154":{"start":{"line":155,"column":0},"end":{"line":155,"column":11}},"155":{"start":{"line":156,"column":0},"end":{"line":156,"column":8}},"156":{"start":{"line":157,"column":0},"end":{"line":157,"column":15}},"157":{"start":{"line":158,"column":0},"end":{"line":158,"column":26}},"158":{"start":{"line":159,"column":0},"end":{"line":159,"column":5}},"159":{"start":{"line":160,"column":0},"end":{"line":160,"column":15}},"161":{"start":{"line":162,"column":0},"end":{"line":162,"column":19}},"162":{"start":{"line":163,"column":0},"end":{"line":163,"column":71}},"164":{"start":{"line":165,"column":0},"end":{"line":165,"column":28}},"165":{"start":{"line":166,"column":0},"end":{"line":166,"column":22}},"166":{"start":{"line":167,"column":0},"end":{"line":167,"column":12}},"167":{"start":{"line":168,"column":0},"end":{"line":168,"column":21}},"168":{"start":{"line":169,"column":0},"end":{"line":169,"column":5}},"169":{"start":{"line":170,"column":0},"end":{"line":170,"column":15}},"171":{"start":{"line":172,"column":0},"end":{"line":172,"column":10}},"172":{"start":{"line":173,"column":0},"end":{"line":173,"column":55}},"173":{"start":{"line":174,"column":0},"end":{"line":174,"column":37}},"174":{"start":{"line":175,"column":0},"end":{"line":175,"column":26}},"175":{"start":{"line":176,"column":0},"end":{"line":176,"column":12}},"176":{"start":{"line":177,"column":0},"end":{"line":177,"column":38}},"177":{"start":{"line":178,"column":0},"end":{"line":178,"column":97}},"178":{"start":{"line":179,"column":0},"end":{"line":179,"column":15}},"179":{"start":{"line":180,"column":0},"end":{"line":180,"column":37}},"180":{"start":{"line":181,"column":0},"end":{"line":181,"column":35}},"181":{"start":{"line":182,"column":0},"end":{"line":182,"column":30}},"182":{"start":{"line":183,"column":0},"end":{"line":183,"column":30}},"183":{"start":{"line":184,"column":0},"end":{"line":184,"column":9}},"185":{"start":{"line":186,"column":0},"end":{"line":186,"column":17}},"186":{"start":{"line":187,"column":0},"end":{"line":187,"column":12}},"187":{"start":{"line":188,"column":0},"end":{"line":188,"column":61}},"188":{"start":{"line":189,"column":0},"end":{"line":189,"column":116}},"189":{"start":{"line":190,"column":0},"end":{"line":190,"column":39}},"190":{"start":{"line":191,"column":0},"end":{"line":191,"column":16}},"191":{"start":{"line":192,"column":0},"end":{"line":192,"column":26}},"192":{"start":{"line":193,"column":0},"end":{"line":193,"column":25}},"193":{"start":{"line":194,"column":0},"end":{"line":194,"column":29}},"194":{"start":{"line":195,"column":0},"end":{"line":195,"column":24}},"195":{"start":{"line":196,"column":0},"end":{"line":196,"column":39}},"196":{"start":{"line":197,"column":0},"end":{"line":197,"column":39}},"197":{"start":{"line":198,"column":0},"end":{"line":198,"column":12}},"198":{"start":{"line":199,"column":0},"end":{"line":199,"column":11}},"199":{"start":{"line":200,"column":0},"end":{"line":200,"column":12}},"200":{"start":{"line":201,"column":0},"end":{"line":201,"column":10}},"202":{"start":{"line":203,"column":0},"end":{"line":203,"column":2}},"204":{"start":{"line":205,"column":0},"end":{"line":205,"column":23}}},"s":{"0":1,"1":1,"2":1,"3":1,"4":1,"16":1,"18":1,"19":3,"20":3,"21":3,"22":0,"23":0,"24":3,"26":1,"27":6,"28":6,"30":6,"31":6,"32":0,"33":0,"34":0,"35":6,"37":1,"38":6,"39":6,"41":6,"43":6,"44":3,"45":6,"47":6,"48":3,"49":6,"51":6,"52":1,"53":1,"54":1,"55":1,"57":1,"58":6,"60":6,"61":0,"62":0,"63":0,"64":0,"65":0,"66":6,"68":6,"69":0,"70":6,"72":6,"73":0,"75":0,"76":0,"77":0,"78":0,"79":0,"80":0,"81":0,"83":0,"85":0,"86":0,"87":0,"88":0,"89":0,"92":0,"93":0,"95":0,"96":0,"98":0,"99":0,"100":0,"101":0,"102":0,"104":0,"106":0,"108":0,"109":0,"110":0,"112":0,"113":0,"114":0,"115":0,"116":0,"118":0,"120":0,"121":0,"122":0,"123":0,"124":0,"125":0,"126":0,"127":0,"128":0,"129":0,"130":0,"132":0,"133":0,"134":0,"135":0,"136":0,"137":0,"138":0,"139":0,"140":0,"141":0,"142":0,"143":0,"144":0,"145":0,"146":0,"147":0,"149":0,"150":0,"151":0,"152":0,"153":0,"154":0,"155":0,"156":0,"157":0,"158":0,"159":6,"161":6,"162":3,"164":3,"165":0,"166":3,"167":3,"168":3,"169":6,"171":6,"172":6,"173":6,"174":6,"175":6,"176":6,"177":6,"178":6,"179":6,"180":6,"181":6,"182":6,"183":6,"185":6,"186":6,"187":6,"188":6,"189":6,"190":2,"191":2,"192":2,"193":2,"194":2,"195":2,"196":2,"197":2,"198":6,"199":6,"200":6,"202":6,"204":1},"branchMap":{"0":{"type":"branch","line":19,"loc":{"start":{"line":19,"column":27},"end":{"line":25,"column":2}},"locations":[{"start":{"line":19,"column":27},"end":{"line":25,"column":2}}]},"1":{"type":"branch","line":22,"loc":{"start":{"line":22,"column":2},"end":{"line":24,"column":3}},"locations":[{"start":{"line":22,"column":2},"end":{"line":24,"column":3}}]},"2":{"type":"branch","line":27,"loc":{"start":{"line":27,"column":29},"end":{"line":36,"column":2}},"locations":[{"start":{"line":27,"column":29},"end":{"line":36,"column":2}}]},"3":{"type":"branch","line":31,"loc":{"start":{"line":31,"column":11},"end":{"line":31,"column":37}},"locations":[{"start":{"line":31,"column":11},"end":{"line":31,"column":37}}]},"4":{"type":"branch","line":31,"loc":{"start":{"line":31,"column":33},"end":{"line":31,"column":40}},"locations":[{"start":{"line":31,"column":33},"end":{"line":31,"column":40}}]},"5":{"type":"branch","line":32,"loc":{"start":{"line":32,"column":2},"end":{"line":35,"column":3}},"locations":[{"start":{"line":32,"column":2},"end":{"line":35,"column":3}}]},"6":{"type":"branch","line":38,"loc":{"start":{"line":38,"column":33},"end":{"line":203,"column":2}},"locations":[{"start":{"line":38,"column":33},"end":{"line":203,"column":2}}]},"7":{"type":"branch","line":189,"loc":{"start":{"line":189,"column":27},"end":{"line":189,"column":116}},"locations":[{"start":{"line":189,"column":27},"end":{"line":189,"column":116}}]},"8":{"type":"branch","line":44,"loc":{"start":{"line":44,"column":12},"end":{"line":46,"column":5}},"locations":[{"start":{"line":44,"column":12},"end":{"line":46,"column":5}}]},"9":{"type":"branch","line":48,"loc":{"start":{"line":48,"column":12},"end":{"line":50,"column":5}},"locations":[{"start":{"line":48,"column":12},"end":{"line":50,"column":5}}]},"10":{"type":"branch","line":52,"loc":{"start":{"line":52,"column":29},"end":{"line":59,"column":5}},"locations":[{"start":{"line":52,"column":29},"end":{"line":59,"column":5}}]},"11":{"type":"branch","line":58,"loc":{"start":{"line":58,"column":14},"end":{"line":58,"column":41}},"locations":[{"start":{"line":58,"column":14},"end":{"line":58,"column":41}}]},"12":{"type":"branch","line":162,"loc":{"start":{"line":162,"column":12},"end":{"line":170,"column":5}},"locations":[{"start":{"line":162,"column":12},"end":{"line":170,"column":5}}]},"13":{"type":"branch","line":165,"loc":{"start":{"line":165,"column":27},"end":{"line":167,"column":11}},"locations":[{"start":{"line":165,"column":27},"end":{"line":167,"column":11}}]},"14":{"type":"branch","line":163,"loc":{"start":{"line":163,"column":42},"end":{"line":163,"column":69}},"locations":[{"start":{"line":163,"column":42},"end":{"line":163,"column":69}}]},"15":{"type":"branch","line":190,"loc":{"start":{"line":190,"column":20},"end":{"line":198,"column":12}},"locations":[{"start":{"line":190,"column":20},"end":{"line":198,"column":12}}]}},"b":{"0":[3],"1":[0],"2":[6],"3":[5],"4":[1],"5":[0],"6":[6],"7":[4],"8":[3],"9":[3],"10":[1],"11":[1],"12":[3],"13":[0],"14":[1],"15":[2]},"fnMap":{"0":{"name":"saveToLocalStorage","decl":{"start":{"line":19,"column":27},"end":{"line":25,"column":2}},"loc":{"start":{"line":19,"column":27},"end":{"line":25,"column":2}},"line":19},"1":{"name":"loadFromLocalStorage","decl":{"start":{"line":27,"column":29},"end":{"line":36,"column":2}},"loc":{"start":{"line":27,"column":29},"end":{"line":36,"column":2}},"line":27},"2":{"name":"IpsCard","decl":{"start":{"line":38,"column":33},"end":{"line":203,"column":2}},"loc":{"start":{"line":38,"column":33},"end":{"line":203,"column":2}},"line":38}},"f":{"0":3,"1":6,"2":6}}
,"/home/eran/projects/torq/ip-to-country/src/context/timeContext.tsx": {"path":"/home/eran/projects/torq/ip-to-country/src/context/timeContext.tsx","all":false,"statementMap":{"0":{"start":{"line":1,"column":0},"end":{"line":1,"column":8}},"13":{"start":{"line":14,"column":0},"end":{"line":14,"column":53}},"14":{"start":{"line":15,"column":0},"end":{"line":15,"column":75}},"16":{"start":{"line":17,"column":0},"end":{"line":17,"column":88}},"17":{"start":{"line":18,"column":0},"end":{"line":18,"column":47}},"18":{"start":{"line":19,"column":0},"end":{"line":19,"column":49}},"20":{"start":{"line":21,"column":0},"end":{"line":21,"column":31}},"21":{"start":{"line":22,"column":0},"end":{"line":22,"column":29}},"22":{"start":{"line":23,"column":0},"end":{"line":23,"column":13}},"23":{"start":{"line":24,"column":0},"end":{"line":24,"column":5}},"25":{"start":{"line":26,"column":0},"end":{"line":26,"column":44}},"26":{"start":{"line":27,"column":0},"end":{"line":27,"column":26}},"27":{"start":{"line":28,"column":0},"end":{"line":28,"column":13}},"28":{"start":{"line":29,"column":0},"end":{"line":29,"column":4}},"30":{"start":{"line":31,"column":0},"end":{"line":31,"column":30}},"31":{"start":{"line":32,"column":0},"end":{"line":32,"column":29}},"32":{"start":{"line":33,"column":0},"end":{"line":33,"column":40}},"33":{"start":{"line":34,"column":0},"end":{"line":34,"column":32}},"34":{"start":{"line":35,"column":0},"end":{"line":35,"column":5}},"35":{"start":{"line":36,"column":0},"end":{"line":36,"column":4}},"37":{"start":{"line":38,"column":0},"end":{"line":38,"column":19}},"38":{"start":{"line":39,"column":0},"end":{"line":39,"column":18}},"39":{"start":{"line":40,"column":0},"end":{"line":40,"column":21}},"40":{"start":{"line":41,"column":0},"end":{"line":41,"column":6}},"41":{"start":{"line":42,"column":0},"end":{"line":42,"column":9}},"43":{"start":{"line":44,"column":0},"end":{"line":44,"column":10}},"44":{"start":{"line":45,"column":0},"end":{"line":45,"column":73}},"45":{"start":{"line":46,"column":0},"end":{"line":46,"column":74}},"46":{"start":{"line":47,"column":0},"end":{"line":47,"column":34}},"48":{"start":{"line":49,"column":0},"end":{"line":49,"column":2}},"50":{"start":{"line":51,"column":0},"end":{"line":51,"column":30}},"51":{"start":{"line":52,"column":0},"end":{"line":52,"column":42}},"52":{"start":{"line":53,"column":0},"end":{"line":53,"column":25}},"53":{"start":{"line":54,"column":0},"end":{"line":54,"column":66}},"54":{"start":{"line":55,"column":0},"end":{"line":55,"column":3}},"55":{"start":{"line":56,"column":0},"end":{"line":56,"column":17}},"56":{"start":{"line":57,"column":0},"end":{"line":57,"column":2}},"58":{"start":{"line":59,"column":0},"end":{"line":59,"column":37}},"59":{"start":{"line":60,"column":0},"end":{"line":60,"column":49}},"60":{"start":{"line":61,"column":0},"end":{"line":61,"column":25}},"61":{"start":{"line":62,"column":0},"end":{"line":62,"column":73}},"62":{"start":{"line":63,"column":0},"end":{"line":63,"column":3}},"63":{"start":{"line":64,"column":0},"end":{"line":64,"column":17}},"64":{"start":{"line":65,"column":0},"end":{"line":65,"column":2}}},"s":{"0":1,"13":1,"14":1,"16":1,"17":31,"18":31,"20":31,"21":12,"22":1,"23":1,"25":11,"26":7,"27":11,"28":12,"30":31,"31":31,"32":11,"33":11,"34":11,"35":31,"37":31,"38":23,"39":23,"40":23,"41":31,"43":31,"44":31,"45":31,"46":31,"48":31,"50":1,"51":87,"52":87,"53":2,"54":2,"55":85,"56":85,"58":1,"59":25,"60":25,"61":2,"62":2,"63":23,"64":23},"branchMap":{"0":{"type":"branch","line":17,"loc":{"start":{"line":17,"column":69},"end":{"line":49,"column":2}},"locations":[{"start":{"line":17,"column":69},"end":{"line":49,"column":2}}]},"1":{"type":"branch","line":21,"loc":{"start":{"line":21,"column":24},"end":{"line":29,"column":4}},"locations":[{"start":{"line":21,"column":24},"end":{"line":29,"column":4}}]},"2":{"type":"branch","line":22,"loc":{"start":{"line":22,"column":28},"end":{"line":24,"column":5}},"locations":[{"start":{"line":22,"column":28},"end":{"line":24,"column":5}}]},"3":{"type":"branch","line":24,"loc":{"start":{"line":24,"column":4},"end":{"line":28,"column":13}},"locations":[{"start":{"line":24,"column":4},"end":{"line":28,"column":13}}]},"4":{"type":"branch","line":26,"loc":{"start":{"line":26,"column":37},"end":{"line":28,"column":7}},"locations":[{"start":{"line":26,"column":37},"end":{"line":28,"column":7}}]},"5":{"type":"branch","line":31,"loc":{"start":{"line":31,"column":23},"end":{"line":36,"column":4}},"locations":[{"start":{"line":31,"column":23},"end":{"line":36,"column":4}}]},"6":{"type":"branch","line":32,"loc":{"start":{"line":32,"column":28},"end":{"line":35,"column":5}},"locations":[{"start":{"line":32,"column":28},"end":{"line":35,"column":5}}]},"7":{"type":"branch","line":38,"loc":{"start":{"line":38,"column":12},"end":{"line":42,"column":5}},"locations":[{"start":{"line":38,"column":12},"end":{"line":42,"column":5}}]},"8":{"type":"branch","line":39,"loc":{"start":{"line":39,"column":11},"end":{"line":41,"column":6}},"locations":[{"start":{"line":39,"column":11},"end":{"line":41,"column":6}}]},"9":{"type":"branch","line":51,"loc":{"start":{"line":51,"column":23},"end":{"line":57,"column":2}},"locations":[{"start":{"line":51,"column":23},"end":{"line":57,"column":2}}]},"10":{"type":"branch","line":53,"loc":{"start":{"line":53,"column":24},"end":{"line":55,"column":3}},"locations":[{"start":{"line":53,"column":24},"end":{"line":55,"column":3}}]},"11":{"type":"branch","line":55,"loc":{"start":{"line":55,"column":2},"end":{"line":57,"column":2}},"locations":[{"start":{"line":55,"column":2},"end":{"line":57,"column":2}}]},"12":{"type":"branch","line":59,"loc":{"start":{"line":59,"column":30},"end":{"line":65,"column":2}},"locations":[{"start":{"line":59,"column":30},"end":{"line":65,"column":2}}]},"13":{"type":"branch","line":61,"loc":{"start":{"line":61,"column":24},"end":{"line":63,"column":3}},"locations":[{"start":{"line":61,"column":24},"end":{"line":63,"column":3}}]},"14":{"type":"branch","line":63,"loc":{"start":{"line":63,"column":2},"end":{"line":65,"column":2}},"locations":[{"start":{"line":63,"column":2},"end":{"line":65,"column":2}}]}},"b":{"0":[31],"1":[12],"2":[1],"3":[11],"4":[7],"5":[31],"6":[11],"7":[23],"8":[23],"9":[87],"10":[2],"11":[85],"12":[25],"13":[2],"14":[23]},"fnMap":{"0":{"name":"TimeProvider","decl":{"start":{"line":17,"column":69},"end":{"line":49,"column":2}},"loc":{"start":{"line":17,"column":69},"end":{"line":49,"column":2}},"line":17},"1":{"name":"startInterval","decl":{"start":{"line":21,"column":24},"end":{"line":29,"column":4}},"loc":{"start":{"line":21,"column":24},"end":{"line":29,"column":4}},"line":21},"2":{"name":"stopInterval","decl":{"start":{"line":31,"column":23},"end":{"line":36,"column":4}},"loc":{"start":{"line":31,"column":23},"end":{"line":36,"column":4}},"line":31},"3":{"name":"useTime","decl":{"start":{"line":51,"column":23},"end":{"line":57,"column":2}},"loc":{"start":{"line":51,"column":23},"end":{"line":57,"column":2}},"line":51},"4":{"name":"useTimeControl","decl":{"start":{"line":59,"column":30},"end":{"line":65,"column":2}},"loc":{"start":{"line":59,"column":30},"end":{"line":65,"column":2}},"line":59}},"f":{"0":31,"1":12,"2":31,"3":87,"4":25}}
,"/home/eran/projects/torq/ip-to-country/src/hooks/useLocalTime.tsx": {"path":"/home/eran/projects/torq/ip-to-country/src/hooks/useLocalTime.tsx","all":false,"statementMap":{"0":{"start":{"line":1,"column":0},"end":{"line":1,"column":49}},"1":{"start":{"line":2,"column":0},"end":{"line":2,"column":46}},"3":{"start":{"line":4,"column":0},"end":{"line":4,"column":60}},"4":{"start":{"line":5,"column":0},"end":{"line":5,"column":14}},"6":{"start":{"line":7,"column":0},"end":{"line":7,"column":20}},"7":{"start":{"line":8,"column":0},"end":{"line":8,"column":21}},"8":{"start":{"line":9,"column":0},"end":{"line":9,"column":5}},"10":{"start":{"line":11,"column":0},"end":{"line":11,"column":32}},"11":{"start":{"line":12,"column":0},"end":{"line":12,"column":2}}},"s":{"0":1,"1":1,"3":1,"4":4,"6":4,"7":1,"8":1,"10":3,"11":3},"branchMap":{"0":{"type":"branch","line":4,"loc":{"start":{"line":4,"column":28},"end":{"line":12,"column":2}},"locations":[{"start":{"line":4,"column":28},"end":{"line":12,"column":2}}]},"1":{"type":"branch","line":7,"loc":{"start":{"line":7,"column":19},"end":{"line":9,"column":5}},"locations":[{"start":{"line":7,"column":19},"end":{"line":9,"column":5}}]},"2":{"type":"branch","line":9,"loc":{"start":{"line":9,"column":4},"end":{"line":12,"column":2}},"locations":[{"start":{"line":9,"column":4},"end":{"line":12,"column":2}}]}},"b":{"0":[4],"1":[1],"2":[3]},"fnMap":{"0":{"name":"useLocalTime","decl":{"start":{"line":4,"column":28},"end":{"line":12,"column":2}},"loc":{"start":{"line":4,"column":28},"end":{"line":12,"column":2}},"line":4}},"f":{"0":4}}
,"/home/eran/projects/torq/ip-to-country/src/utils/consts.ts": {"path":"/home/eran/projects/torq/ip-to-country/src/utils/consts.ts","all":false,"statementMap":{"0":{"start":{"line":1,"column":0},"end":{"line":1,"column":77}},"1":{"start":{"line":2,"column":0},"end":{"line":2,"column":66}},"2":{"start":{"line":3,"column":0},"end":{"line":3,"column":65}},"3":{"start":{"line":4,"column":0},"end":{"line":4,"column":57}}},"s":{"0":1,"1":1,"2":1,"3":1},"branchMap":{},"b":{},"fnMap":{},"f":{}}
,"/home/eran/projects/torq/ip-to-country/src/utils/helpers.ts": {"path":"/home/eran/projects/torq/ip-to-country/src/utils/helpers.ts","all":false,"statementMap":{"0":{"start":{"line":1,"column":0},"end":{"line":1,"column":57}},"1":{"start":{"line":2,"column":0},"end":{"line":2,"column":7}},"2":{"start":{"line":3,"column":0},"end":{"line":3,"column":51}},"3":{"start":{"line":4,"column":0},"end":{"line":4,"column":25}},"4":{"start":{"line":5,"column":0},"end":{"line":5,"column":20}},"5":{"start":{"line":6,"column":0},"end":{"line":6,"column":22}},"6":{"start":{"line":7,"column":0},"end":{"line":7,"column":24}},"7":{"start":{"line":8,"column":0},"end":{"line":8,"column":23}},"8":{"start":{"line":9,"column":0},"end":{"line":9,"column":7}},"9":{"start":{"line":10,"column":0},"end":{"line":10,"column":19}},"10":{"start":{"line":11,"column":0},"end":{"line":11,"column":25}},"12":{"start":{"line":13,"column":0},"end":{"line":13,"column":17}},"13":{"start":{"line":14,"column":0},"end":{"line":14,"column":3}},"14":{"start":{"line":15,"column":0},"end":{"line":15,"column":2}},"16":{"start":{"line":17,"column":0},"end":{"line":17,"column":47}},"17":{"start":{"line":18,"column":0},"end":{"line":18,"column":46}},"19":{"start":{"line":20,"column":0},"end":{"line":20,"column":28}},"20":{"start":{"line":21,"column":0},"end":{"line":21,"column":17}},"21":{"start":{"line":22,"column":0},"end":{"line":22,"column":3}},"23":{"start":{"line":24,"column":0},"end":{"line":24,"column":30}},"25":{"start":{"line":26,"column":0},"end":{"line":26,"column":32}},"26":{"start":{"line":27,"column":0},"end":{"line":27,"column":35}},"28":{"start":{"line":29,"column":0},"end":{"line":29,"column":34}},"29":{"start":{"line":30,"column":0},"end":{"line":30,"column":5}},"30":{"start":{"line":31,"column":0},"end":{"line":31,"column":2}},"32":{"start":{"line":33,"column":0},"end":{"line":33,"column":47}},"33":{"start":{"line":34,"column":0},"end":{"line":34,"column":742}},"35":{"start":{"line":36,"column":0},"end":{"line":36,"column":28}},"36":{"start":{"line":37,"column":0},"end":{"line":37,"column":2}},"38":{"start":{"line":39,"column":0},"end":{"line":39,"column":87}}},"s":{"0":1,"1":2,"2":2,"3":2,"4":2,"5":2,"6":2,"7":2,"8":2,"9":2,"10":0,"12":0,"13":0,"14":2,"16":1,"17":4,"19":4,"20":0,"21":0,"23":4,"25":4,"26":13,"28":13,"29":4,"30":4,"32":1,"33":1,"35":1,"36":1,"38":1},"branchMap":{"0":{"type":"branch","line":1,"loc":{"start":{"line":1,"column":26},"end":{"line":15,"column":2}},"locations":[{"start":{"line":1,"column":26},"end":{"line":15,"column":2}}]},"1":{"type":"branch","line":10,"loc":{"start":{"line":10,"column":2},"end":{"line":14,"column":3}},"locations":[{"start":{"line":10,"column":2},"end":{"line":14,"column":3}}]},"2":{"type":"branch","line":17,"loc":{"start":{"line":17,"column":21},"end":{"line":31,"column":2}},"locations":[{"start":{"line":17,"column":21},"end":{"line":31,"column":2}}]},"3":{"type":"branch","line":20,"loc":{"start":{"line":20,"column":27},"end":{"line":22,"column":3}},"locations":[{"start":{"line":20,"column":27},"end":{"line":22,"column":3}}]},"4":{"type":"branch","line":26,"loc":{"start":{"line":26,"column":21},"end":{"line":30,"column":3}},"locations":[{"start":{"line":26,"column":21},"end":{"line":30,"column":3}}]},"5":{"type":"branch","line":33,"loc":{"start":{"line":33,"column":21},"end":{"line":37,"column":2}},"locations":[{"start":{"line":33,"column":21},"end":{"line":37,"column":2}}]},"6":{"type":"branch","line":39,"loc":{"start":{"line":39,"column":25},"end":{"line":39,"column":87}},"locations":[{"start":{"line":39,"column":25},"end":{"line":39,"column":87}}]},"7":{"type":"branch","line":39,"loc":{"start":{"line":39,"column":65},"end":{"line":39,"column":87}},"locations":[{"start":{"line":39,"column":65},"end":{"line":39,"column":87}}]}},"b":{"0":[2],"1":[0],"2":[4],"3":[0],"4":[13],"5":[1],"6":[4],"7":[1]},"fnMap":{"0":{"name":"formatTime","decl":{"start":{"line":1,"column":26},"end":{"line":15,"column":2}},"loc":{"start":{"line":1,"column":26},"end":{"line":15,"column":2}},"line":1},"1":{"name":"validateIpv4","decl":{"start":{"line":17,"column":21},"end":{"line":31,"column":2}},"loc":{"start":{"line":17,"column":21},"end":{"line":31,"column":2}},"line":17},"2":{"name":"validateIpv6","decl":{"start":{"line":33,"column":21},"end":{"line":37,"column":2}},"loc":{"start":{"line":33,"column":21},"end":{"line":37,"column":2}},"line":33},"3":{"name":"isValidIp","decl":{"start":{"line":39,"column":25},"end":{"line":39,"column":87}},"loc":{"start":{"line":39,"column":25},"end":{"line":39,"column":87}},"line":39}},"f":{"0":2,"1":4,"2":1,"3":4}}
}
